<?xml version="1.0" encoding="utf-8"?><testsuite errors="0" failures="0" name="pytest" skipped="0" tests="3" time="10.332"><testcase classname="tests.test_adam" file="tests/test_adam.py" line="6" name="test_adam_lorentz[params0]" time="5.892"></testcase><testcase classname="tests.test_adam" file="tests/test_adam.py" line="6" name="test_adam_lorentz[params1]" time="0.358"></testcase><testcase classname="tests.test_adam" file="tests/test_adam.py" line="32" name="test_adam_stiefel[params0]" time="2.101"></testcase><testcase time="0.000"></testcase></testsuite>