<?xml version="1.0" encoding="utf-8"?><testsuite errors="0" failures="0" name="pytest" skipped="0" tests="260" time="1.780"><testcase classname="tests.test_lorentz_math" file="tests/test_lorentz_math.py" line="42" name="test_point_on_manifold[30-dtype0]" time="0.014"></testcase><testcase classname="tests.test_lorentz_math" file="tests/test_lorentz_math.py" line="48" name="test_vector_on_tangent[30-dtype0]" time="0.009"></testcase><testcase classname="tests.test_lorentz_math" file="tests/test_lorentz_math.py" line="55" name="test_lorentz_poincare[30-dtype0]" time="0.002"></testcase><testcase classname="tests.test_lorentz_math" file="tests/test_lorentz_math.py" line="62" name="test_randn_mean[30-dtype0]" time="0.008"></testcase><testcase classname="tests.test_lorentz_math" file="tests/test_lorentz_math.py" line="69" name="test_origin[30-dtype0]" time="0.002"></testcase><testcase classname="tests.test_lorentz_math" file="tests/test_lorentz_math.py" line="76" name="test_expmap_logmap[30-dtype0]" time="0.010"></testcase><testcase classname="tests.test_lorentz_math" file="tests/test_lorentz_math.py" line="86" name="test_geodesic_segement_unit_property[30-dtype0]" time="0.012"></testcase><testcase classname="tests.test_lorentz_math" file="tests/test_lorentz_math.py" line="115" name="test_expmap0_logmap0[30-dtype0]" time="0.004"></testcase><testcase classname="tests.test_lorentz_math" file="tests/test_lorentz_math.py" line="127" name="test_parallel_transport0_preserves_inner_products[30-dtype0]" time="0.010"></testcase><testcase classname="tests.test_lorentz_math" file="tests/test_lorentz_math.py" line="151" name="test_parallel_transport0_back[30-dtype0]" time="0.021"></testcase><testcase classname="tests.test_lorentz_math" file="tests/test_lorentz_math.py" line="174" name="test_parallel_transport0_is_same_as_usual[30-dtype0]" time="0.003"></testcase><testcase classname="tests.test_lorentz_math" file="tests/test_lorentz_math.py" line="190" name="test_zero_point_ops[30-dtype0]" time="0.008"></testcase><testcase classname="tests.test_lorentz_math" file="tests/test_lorentz_math.py" line="209" name="test_parallel_transport_a_b[30-dtype0]" time="0.003"></testcase><testcase classname="tests.test_lorentz_math" file="tests/test_lorentz_math.py" line="42" name="test_point_on_manifold[31-dtype0]" time="0.002"></testcase><testcase classname="tests.test_lorentz_math" file="tests/test_lorentz_math.py" line="48" name="test_vector_on_tangent[31-dtype0]" time="0.002"></testcase><testcase classname="tests.test_lorentz_math" file="tests/test_lorentz_math.py" line="55" name="test_lorentz_poincare[31-dtype0]" time="0.002"></testcase><testcase classname="tests.test_lorentz_math" file="tests/test_lorentz_math.py" line="62" name="test_randn_mean[31-dtype0]" time="0.002"></testcase><testcase classname="tests.test_lorentz_math" file="tests/test_lorentz_math.py" line="69" name="test_origin[31-dtype0]" time="0.002"></testcase><testcase classname="tests.test_lorentz_math" file="tests/test_lorentz_math.py" line="76" name="test_expmap_logmap[31-dtype0]" time="0.003"></testcase><testcase classname="tests.test_lorentz_math" file="tests/test_lorentz_math.py" line="86" name="test_geodesic_segement_unit_property[31-dtype0]" time="0.005"></testcase><testcase classname="tests.test_lorentz_math" file="tests/test_lorentz_math.py" line="115" name="test_expmap0_logmap0[31-dtype0]" time="0.003"></testcase><testcase classname="tests.test_lorentz_math" file="tests/test_lorentz_math.py" line="127" name="test_parallel_transport0_preserves_inner_products[31-dtype0]" time="0.003"></testcase><testcase classname="tests.test_lorentz_math" file="tests/test_lorentz_math.py" line="151" name="test_parallel_transport0_back[31-dtype0]" time="0.004"></testcase><testcase classname="tests.test_lorentz_math" file="tests/test_lorentz_math.py" line="174" name="test_parallel_transport0_is_same_as_usual[31-dtype0]" time="0.003"></testcase><testcase classname="tests.test_lorentz_math" file="tests/test_lorentz_math.py" line="190" name="test_zero_point_ops[31-dtype0]" time="0.003"></testcase><testcase classname="tests.test_lorentz_math" file="tests/test_lorentz_math.py" line="209" name="test_parallel_transport_a_b[31-dtype0]" time="0.003"></testcase><testcase classname="tests.test_lorentz_math" file="tests/test_lorentz_math.py" line="42" name="test_point_on_manifold[31-dtype1]" time="0.002"></testcase><testcase classname="tests.test_lorentz_math" file="tests/test_lorentz_math.py" line="48" name="test_vector_on_tangent[31-dtype1]" time="0.003"></testcase><testcase classname="tests.test_lorentz_math" file="tests/test_lorentz_math.py" line="55" name="test_lorentz_poincare[31-dtype1]" time="0.003"></testcase><testcase classname="tests.test_lorentz_math" file="tests/test_lorentz_math.py" line="62" name="test_randn_mean[31-dtype1]" time="0.002"></testcase><testcase classname="tests.test_lorentz_math" file="tests/test_lorentz_math.py" line="69" name="test_origin[31-dtype1]" time="0.001"></testcase><testcase classname="tests.test_lorentz_math" file="tests/test_lorentz_math.py" line="76" name="test_expmap_logmap[31-dtype1]" time="0.003"></testcase><testcase classname="tests.test_lorentz_math" file="tests/test_lorentz_math.py" line="86" name="test_geodesic_segement_unit_property[31-dtype1]" time="0.004"></testcase><testcase classname="tests.test_lorentz_math" file="tests/test_lorentz_math.py" line="115" name="test_expmap0_logmap0[31-dtype1]" time="0.002"></testcase><testcase classname="tests.test_lorentz_math" file="tests/test_lorentz_math.py" line="127" name="test_parallel_transport0_preserves_inner_products[31-dtype1]" time="0.003"></testcase><testcase classname="tests.test_lorentz_math" file="tests/test_lorentz_math.py" line="151" name="test_parallel_transport0_back[31-dtype1]" time="0.005"></testcase><testcase classname="tests.test_lorentz_math" file="tests/test_lorentz_math.py" line="174" name="test_parallel_transport0_is_same_as_usual[31-dtype1]" time="0.003"></testcase><testcase classname="tests.test_lorentz_math" file="tests/test_lorentz_math.py" line="190" name="test_zero_point_ops[31-dtype1]" time="0.003"></testcase><testcase classname="tests.test_lorentz_math" file="tests/test_lorentz_math.py" line="209" name="test_parallel_transport_a_b[31-dtype1]" time="0.003"></testcase><testcase classname="tests.test_lorentz_math" file="tests/test_lorentz_math.py" line="42" name="test_point_on_manifold[30-dtype1]" time="0.003"></testcase><testcase classname="tests.test_lorentz_math" file="tests/test_lorentz_math.py" line="48" name="test_vector_on_tangent[30-dtype1]" time="0.002"></testcase><testcase classname="tests.test_lorentz_math" file="tests/test_lorentz_math.py" line="55" name="test_lorentz_poincare[30-dtype1]" time="0.002"></testcase><testcase classname="tests.test_lorentz_math" file="tests/test_lorentz_math.py" line="62" name="test_randn_mean[30-dtype1]" time="0.002"></testcase><testcase classname="tests.test_lorentz_math" file="tests/test_lorentz_math.py" line="69" name="test_origin[30-dtype1]" time="0.002"></testcase><testcase classname="tests.test_lorentz_math" file="tests/test_lorentz_math.py" line="76" name="test_expmap_logmap[30-dtype1]" time="0.004"></testcase><testcase classname="tests.test_lorentz_math" file="tests/test_lorentz_math.py" line="86" name="test_geodesic_segement_unit_property[30-dtype1]" time="0.003"></testcase><testcase classname="tests.test_lorentz_math" file="tests/test_lorentz_math.py" line="115" name="test_expmap0_logmap0[30-dtype1]" time="0.003"></testcase><testcase classname="tests.test_lorentz_math" file="tests/test_lorentz_math.py" line="127" name="test_parallel_transport0_preserves_inner_products[30-dtype1]" time="0.003"></testcase><testcase classname="tests.test_lorentz_math" file="tests/test_lorentz_math.py" line="151" name="test_parallel_transport0_back[30-dtype1]" time="0.004"></testcase><testcase classname="tests.test_lorentz_math" file="tests/test_lorentz_math.py" line="174" name="test_parallel_transport0_is_same_as_usual[30-dtype1]" time="0.003"></testcase><testcase classname="tests.test_lorentz_math" file="tests/test_lorentz_math.py" line="190" name="test_zero_point_ops[30-dtype1]" time="0.003"></testcase><testcase classname="tests.test_lorentz_math" file="tests/test_lorentz_math.py" line="209" name="test_parallel_transport_a_b[30-dtype1]" time="0.004"></testcase><testcase classname="tests.test_lorentz_math" file="tests/test_lorentz_math.py" line="42" name="test_point_on_manifold[32-dtype1]" time="0.003"></testcase><testcase classname="tests.test_lorentz_math" file="tests/test_lorentz_math.py" line="48" name="test_vector_on_tangent[32-dtype1]" time="0.002"></testcase><testcase classname="tests.test_lorentz_math" file="tests/test_lorentz_math.py" line="55" name="test_lorentz_poincare[32-dtype1]" time="0.002"></testcase><testcase classname="tests.test_lorentz_math" file="tests/test_lorentz_math.py" line="62" name="test_randn_mean[32-dtype1]" time="0.002"></testcase><testcase classname="tests.test_lorentz_math" file="tests/test_lorentz_math.py" line="69" name="test_origin[32-dtype1]" time="0.001"></testcase><testcase classname="tests.test_lorentz_math" file="tests/test_lorentz_math.py" line="76" name="test_expmap_logmap[32-dtype1]" time="0.003"></testcase><testcase classname="tests.test_lorentz_math" file="tests/test_lorentz_math.py" line="86" name="test_geodesic_segement_unit_property[32-dtype1]" time="0.003"></testcase><testcase classname="tests.test_lorentz_math" file="tests/test_lorentz_math.py" line="115" name="test_expmap0_logmap0[32-dtype1]" time="0.003"></testcase><testcase classname="tests.test_lorentz_math" file="tests/test_lorentz_math.py" line="127" name="test_parallel_transport0_preserves_inner_products[32-dtype1]" time="0.004"></testcase><testcase classname="tests.test_lorentz_math" file="tests/test_lorentz_math.py" line="151" name="test_parallel_transport0_back[32-dtype1]" time="0.005"></testcase><testcase classname="tests.test_lorentz_math" file="tests/test_lorentz_math.py" line="174" name="test_parallel_transport0_is_same_as_usual[32-dtype1]" time="0.003"></testcase><testcase classname="tests.test_lorentz_math" file="tests/test_lorentz_math.py" line="190" name="test_zero_point_ops[32-dtype1]" time="0.003"></testcase><testcase classname="tests.test_lorentz_math" file="tests/test_lorentz_math.py" line="209" name="test_parallel_transport_a_b[32-dtype1]" time="0.004"></testcase><testcase classname="tests.test_lorentz_math" file="tests/test_lorentz_math.py" line="42" name="test_point_on_manifold[32-dtype0]" time="0.004"></testcase><testcase classname="tests.test_lorentz_math" file="tests/test_lorentz_math.py" line="48" name="test_vector_on_tangent[32-dtype0]" time="0.006"></testcase><testcase classname="tests.test_lorentz_math" file="tests/test_lorentz_math.py" line="55" name="test_lorentz_poincare[32-dtype0]" time="0.003"></testcase><testcase classname="tests.test_lorentz_math" file="tests/test_lorentz_math.py" line="62" name="test_randn_mean[32-dtype0]" time="0.003"></testcase><testcase classname="tests.test_lorentz_math" file="tests/test_lorentz_math.py" line="69" name="test_origin[32-dtype0]" time="0.001"></testcase><testcase classname="tests.test_lorentz_math" file="tests/test_lorentz_math.py" line="76" name="test_expmap_logmap[32-dtype0]" time="0.003"></testcase><testcase classname="tests.test_lorentz_math" file="tests/test_lorentz_math.py" line="86" name="test_geodesic_segement_unit_property[32-dtype0]" time="0.003"></testcase><testcase classname="tests.test_lorentz_math" file="tests/test_lorentz_math.py" line="115" name="test_expmap0_logmap0[32-dtype0]" time="0.003"></testcase><testcase classname="tests.test_lorentz_math" file="tests/test_lorentz_math.py" line="127" name="test_parallel_transport0_preserves_inner_products[32-dtype0]" time="0.004"></testcase><testcase classname="tests.test_lorentz_math" file="tests/test_lorentz_math.py" line="151" name="test_parallel_transport0_back[32-dtype0]" time="0.008"></testcase><testcase classname="tests.test_lorentz_math" file="tests/test_lorentz_math.py" line="174" name="test_parallel_transport0_is_same_as_usual[32-dtype0]" time="0.003"></testcase><testcase classname="tests.test_lorentz_math" file="tests/test_lorentz_math.py" line="190" name="test_zero_point_ops[32-dtype0]" time="0.002"></testcase><testcase classname="tests.test_lorentz_math" file="tests/test_lorentz_math.py" line="209" name="test_parallel_transport_a_b[32-dtype0]" time="0.004"></testcase><testcase classname="tests.test_lorentz_math" file="tests/test_lorentz_math.py" line="42" name="test_point_on_manifold[33-dtype1]" time="0.003"></testcase><testcase classname="tests.test_lorentz_math" file="tests/test_lorentz_math.py" line="48" name="test_vector_on_tangent[33-dtype1]" time="0.002"></testcase><testcase classname="tests.test_lorentz_math" file="tests/test_lorentz_math.py" line="55" name="test_lorentz_poincare[33-dtype1]" time="0.003"></testcase><testcase classname="tests.test_lorentz_math" file="tests/test_lorentz_math.py" line="62" name="test_randn_mean[33-dtype1]" time="0.003"></testcase><testcase classname="tests.test_lorentz_math" file="tests/test_lorentz_math.py" line="69" name="test_origin[33-dtype1]" time="0.001"></testcase><testcase classname="tests.test_lorentz_math" file="tests/test_lorentz_math.py" line="76" name="test_expmap_logmap[33-dtype1]" time="0.003"></testcase><testcase classname="tests.test_lorentz_math" file="tests/test_lorentz_math.py" line="86" name="test_geodesic_segement_unit_property[33-dtype1]" time="0.003"></testcase><testcase classname="tests.test_lorentz_math" file="tests/test_lorentz_math.py" line="115" name="test_expmap0_logmap0[33-dtype1]" time="0.002"></testcase><testcase classname="tests.test_lorentz_math" file="tests/test_lorentz_math.py" line="127" name="test_parallel_transport0_preserves_inner_products[33-dtype1]" time="0.003"></testcase><testcase classname="tests.test_lorentz_math" file="tests/test_lorentz_math.py" line="151" name="test_parallel_transport0_back[33-dtype1]" time="0.005"></testcase><testcase classname="tests.test_lorentz_math" file="tests/test_lorentz_math.py" line="174" name="test_parallel_transport0_is_same_as_usual[33-dtype1]" time="0.005"></testcase><testcase classname="tests.test_lorentz_math" file="tests/test_lorentz_math.py" line="190" name="test_zero_point_ops[33-dtype1]" time="0.003"></testcase><testcase classname="tests.test_lorentz_math" file="tests/test_lorentz_math.py" line="209" name="test_parallel_transport_a_b[33-dtype1]" time="0.004"></testcase><testcase classname="tests.test_lorentz_math" file="tests/test_lorentz_math.py" line="42" name="test_point_on_manifold[33-dtype0]" time="0.003"></testcase><testcase classname="tests.test_lorentz_math" file="tests/test_lorentz_math.py" line="48" name="test_vector_on_tangent[33-dtype0]" time="0.002"></testcase><testcase classname="tests.test_lorentz_math" file="tests/test_lorentz_math.py" line="55" name="test_lorentz_poincare[33-dtype0]" time="0.002"></testcase><testcase classname="tests.test_lorentz_math" file="tests/test_lorentz_math.py" line="62" name="test_randn_mean[33-dtype0]" time="0.002"></testcase><testcase classname="tests.test_lorentz_math" file="tests/test_lorentz_math.py" line="69" name="test_origin[33-dtype0]" time="0.002"></testcase><testcase classname="tests.test_lorentz_math" file="tests/test_lorentz_math.py" line="76" name="test_expmap_logmap[33-dtype0]" time="0.003"></testcase><testcase classname="tests.test_lorentz_math" file="tests/test_lorentz_math.py" line="86" name="test_geodesic_segement_unit_property[33-dtype0]" time="0.004"></testcase><testcase classname="tests.test_lorentz_math" file="tests/test_lorentz_math.py" line="115" name="test_expmap0_logmap0[33-dtype0]" time="0.003"></testcase><testcase classname="tests.test_lorentz_math" file="tests/test_lorentz_math.py" line="127" name="test_parallel_transport0_preserves_inner_products[33-dtype0]" time="0.003"></testcase><testcase classname="tests.test_lorentz_math" file="tests/test_lorentz_math.py" line="151" name="test_parallel_transport0_back[33-dtype0]" time="0.004"></testcase><testcase classname="tests.test_lorentz_math" file="tests/test_lorentz_math.py" line="174" name="test_parallel_transport0_is_same_as_usual[33-dtype0]" time="0.003"></testcase><testcase classname="tests.test_lorentz_math" file="tests/test_lorentz_math.py" line="190" name="test_zero_point_ops[33-dtype0]" time="0.003"></testcase><testcase classname="tests.test_lorentz_math" file="tests/test_lorentz_math.py" line="209" name="test_parallel_transport_a_b[33-dtype0]" time="0.004"></testcase><testcase classname="tests.test_lorentz_math" file="tests/test_lorentz_math.py" line="42" name="test_point_on_manifold[34-dtype1]" time="0.003"></testcase><testcase classname="tests.test_lorentz_math" file="tests/test_lorentz_math.py" line="48" name="test_vector_on_tangent[34-dtype1]" time="0.002"></testcase><testcase classname="tests.test_lorentz_math" file="tests/test_lorentz_math.py" line="55" name="test_lorentz_poincare[34-dtype1]" time="0.002"></testcase><testcase classname="tests.test_lorentz_math" file="tests/test_lorentz_math.py" line="62" name="test_randn_mean[34-dtype1]" time="0.002"></testcase><testcase classname="tests.test_lorentz_math" file="tests/test_lorentz_math.py" line="69" name="test_origin[34-dtype1]" time="0.001"></testcase><testcase classname="tests.test_lorentz_math" file="tests/test_lorentz_math.py" line="76" name="test_expmap_logmap[34-dtype1]" time="0.002"></testcase><testcase classname="tests.test_lorentz_math" file="tests/test_lorentz_math.py" line="86" name="test_geodesic_segement_unit_property[34-dtype1]" time="0.003"></testcase><testcase classname="tests.test_lorentz_math" file="tests/test_lorentz_math.py" line="115" name="test_expmap0_logmap0[34-dtype1]" time="0.003"></testcase><testcase classname="tests.test_lorentz_math" file="tests/test_lorentz_math.py" line="127" name="test_parallel_transport0_preserves_inner_products[34-dtype1]" time="0.004"></testcase><testcase classname="tests.test_lorentz_math" file="tests/test_lorentz_math.py" line="151" name="test_parallel_transport0_back[34-dtype1]" time="0.004"></testcase><testcase classname="tests.test_lorentz_math" file="tests/test_lorentz_math.py" line="174" name="test_parallel_transport0_is_same_as_usual[34-dtype1]" time="0.003"></testcase><testcase classname="tests.test_lorentz_math" file="tests/test_lorentz_math.py" line="190" name="test_zero_point_ops[34-dtype1]" time="0.003"></testcase><testcase classname="tests.test_lorentz_math" file="tests/test_lorentz_math.py" line="209" name="test_parallel_transport_a_b[34-dtype1]" time="0.003"></testcase><testcase classname="tests.test_lorentz_math" file="tests/test_lorentz_math.py" line="42" name="test_point_on_manifold[34-dtype0]" time="0.002"></testcase><testcase classname="tests.test_lorentz_math" file="tests/test_lorentz_math.py" line="48" name="test_vector_on_tangent[34-dtype0]" time="0.002"></testcase><testcase classname="tests.test_lorentz_math" file="tests/test_lorentz_math.py" line="55" name="test_lorentz_poincare[34-dtype0]" time="0.002"></testcase><testcase classname="tests.test_lorentz_math" file="tests/test_lorentz_math.py" line="62" name="test_randn_mean[34-dtype0]" time="0.003"></testcase><testcase classname="tests.test_lorentz_math" file="tests/test_lorentz_math.py" line="69" name="test_origin[34-dtype0]" time="0.001"></testcase><testcase classname="tests.test_lorentz_math" file="tests/test_lorentz_math.py" line="76" name="test_expmap_logmap[34-dtype0]" time="0.003"></testcase><testcase classname="tests.test_lorentz_math" file="tests/test_lorentz_math.py" line="86" name="test_geodesic_segement_unit_property[34-dtype0]" time="0.003"></testcase><testcase classname="tests.test_lorentz_math" file="tests/test_lorentz_math.py" line="115" name="test_expmap0_logmap0[34-dtype0]" time="0.003"></testcase><testcase classname="tests.test_lorentz_math" file="tests/test_lorentz_math.py" line="127" name="test_parallel_transport0_preserves_inner_products[34-dtype0]" time="0.003"></testcase><testcase classname="tests.test_lorentz_math" file="tests/test_lorentz_math.py" line="151" name="test_parallel_transport0_back[34-dtype0]" time="0.004"></testcase><testcase classname="tests.test_lorentz_math" file="tests/test_lorentz_math.py" line="174" name="test_parallel_transport0_is_same_as_usual[34-dtype0]" time="0.004"></testcase><testcase classname="tests.test_lorentz_math" file="tests/test_lorentz_math.py" line="190" name="test_zero_point_ops[34-dtype0]" time="0.005"></testcase><testcase classname="tests.test_lorentz_math" file="tests/test_lorentz_math.py" line="209" name="test_parallel_transport_a_b[34-dtype0]" time="0.003"></testcase><testcase classname="tests.test_lorentz_math" file="tests/test_lorentz_math.py" line="42" name="test_point_on_manifold[35-dtype1]" time="0.003"></testcase><testcase classname="tests.test_lorentz_math" file="tests/test_lorentz_math.py" line="48" name="test_vector_on_tangent[35-dtype1]" time="0.002"></testcase><testcase classname="tests.test_lorentz_math" file="tests/test_lorentz_math.py" line="55" name="test_lorentz_poincare[35-dtype1]" time="0.002"></testcase><testcase classname="tests.test_lorentz_math" file="tests/test_lorentz_math.py" line="62" name="test_randn_mean[35-dtype1]" time="0.002"></testcase><testcase classname="tests.test_lorentz_math" file="tests/test_lorentz_math.py" line="69" name="test_origin[35-dtype1]" time="0.002"></testcase><testcase classname="tests.test_lorentz_math" file="tests/test_lorentz_math.py" line="76" name="test_expmap_logmap[35-dtype1]" time="0.004"></testcase><testcase classname="tests.test_lorentz_math" file="tests/test_lorentz_math.py" line="86" name="test_geodesic_segement_unit_property[35-dtype1]" time="0.003"></testcase><testcase classname="tests.test_lorentz_math" file="tests/test_lorentz_math.py" line="115" name="test_expmap0_logmap0[35-dtype1]" time="0.003"></testcase><testcase classname="tests.test_lorentz_math" file="tests/test_lorentz_math.py" line="127" name="test_parallel_transport0_preserves_inner_products[35-dtype1]" time="0.003"></testcase><testcase classname="tests.test_lorentz_math" file="tests/test_lorentz_math.py" line="151" name="test_parallel_transport0_back[35-dtype1]" time="0.004"></testcase><testcase classname="tests.test_lorentz_math" file="tests/test_lorentz_math.py" line="174" name="test_parallel_transport0_is_same_as_usual[35-dtype1]" time="0.004"></testcase><testcase classname="tests.test_lorentz_math" file="tests/test_lorentz_math.py" line="190" name="test_zero_point_ops[35-dtype1]" time="0.003"></testcase><testcase classname="tests.test_lorentz_math" file="tests/test_lorentz_math.py" line="209" name="test_parallel_transport_a_b[35-dtype1]" time="0.004"></testcase><testcase classname="tests.test_lorentz_math" file="tests/test_lorentz_math.py" line="42" name="test_point_on_manifold[35-dtype0]" time="0.002"></testcase><testcase classname="tests.test_lorentz_math" file="tests/test_lorentz_math.py" line="48" name="test_vector_on_tangent[35-dtype0]" time="0.002"></testcase><testcase classname="tests.test_lorentz_math" file="tests/test_lorentz_math.py" line="55" name="test_lorentz_poincare[35-dtype0]" time="0.002"></testcase><testcase classname="tests.test_lorentz_math" file="tests/test_lorentz_math.py" line="62" name="test_randn_mean[35-dtype0]" time="0.002"></testcase><testcase classname="tests.test_lorentz_math" file="tests/test_lorentz_math.py" line="69" name="test_origin[35-dtype0]" time="0.002"></testcase><testcase classname="tests.test_lorentz_math" file="tests/test_lorentz_math.py" line="76" name="test_expmap_logmap[35-dtype0]" time="0.003"></testcase><testcase classname="tests.test_lorentz_math" file="tests/test_lorentz_math.py" line="86" name="test_geodesic_segement_unit_property[35-dtype0]" time="0.004"></testcase><testcase classname="tests.test_lorentz_math" file="tests/test_lorentz_math.py" line="115" name="test_expmap0_logmap0[35-dtype0]" time="0.003"></testcase><testcase classname="tests.test_lorentz_math" file="tests/test_lorentz_math.py" line="127" name="test_parallel_transport0_preserves_inner_products[35-dtype0]" time="0.003"></testcase><testcase classname="tests.test_lorentz_math" file="tests/test_lorentz_math.py" line="151" name="test_parallel_transport0_back[35-dtype0]" time="0.004"></testcase><testcase classname="tests.test_lorentz_math" file="tests/test_lorentz_math.py" line="174" name="test_parallel_transport0_is_same_as_usual[35-dtype0]" time="0.003"></testcase><testcase classname="tests.test_lorentz_math" file="tests/test_lorentz_math.py" line="190" name="test_zero_point_ops[35-dtype0]" time="0.003"></testcase><testcase classname="tests.test_lorentz_math" file="tests/test_lorentz_math.py" line="209" name="test_parallel_transport_a_b[35-dtype0]" time="0.003"></testcase><testcase classname="tests.test_lorentz_math" file="tests/test_lorentz_math.py" line="42" name="test_point_on_manifold[36-dtype1]" time="0.003"></testcase><testcase classname="tests.test_lorentz_math" file="tests/test_lorentz_math.py" line="48" name="test_vector_on_tangent[36-dtype1]" time="0.003"></testcase><testcase classname="tests.test_lorentz_math" file="tests/test_lorentz_math.py" line="55" name="test_lorentz_poincare[36-dtype1]" time="0.003"></testcase><testcase classname="tests.test_lorentz_math" file="tests/test_lorentz_math.py" line="62" name="test_randn_mean[36-dtype1]" time="0.002"></testcase><testcase classname="tests.test_lorentz_math" file="tests/test_lorentz_math.py" line="69" name="test_origin[36-dtype1]" time="0.002"></testcase><testcase classname="tests.test_lorentz_math" file="tests/test_lorentz_math.py" line="76" name="test_expmap_logmap[36-dtype1]" time="0.003"></testcase><testcase classname="tests.test_lorentz_math" file="tests/test_lorentz_math.py" line="86" name="test_geodesic_segement_unit_property[36-dtype1]" time="0.003"></testcase><testcase classname="tests.test_lorentz_math" file="tests/test_lorentz_math.py" line="115" name="test_expmap0_logmap0[36-dtype1]" time="0.002"></testcase><testcase classname="tests.test_lorentz_math" file="tests/test_lorentz_math.py" line="127" name="test_parallel_transport0_preserves_inner_products[36-dtype1]" time="0.003"></testcase><testcase classname="tests.test_lorentz_math" file="tests/test_lorentz_math.py" line="151" name="test_parallel_transport0_back[36-dtype1]" time="0.006"></testcase><testcase classname="tests.test_lorentz_math" file="tests/test_lorentz_math.py" line="174" name="test_parallel_transport0_is_same_as_usual[36-dtype1]" time="0.004"></testcase><testcase classname="tests.test_lorentz_math" file="tests/test_lorentz_math.py" line="190" name="test_zero_point_ops[36-dtype1]" time="0.003"></testcase><testcase classname="tests.test_lorentz_math" file="tests/test_lorentz_math.py" line="209" name="test_parallel_transport_a_b[36-dtype1]" time="0.003"></testcase><testcase classname="tests.test_lorentz_math" file="tests/test_lorentz_math.py" line="42" name="test_point_on_manifold[36-dtype0]" time="0.002"></testcase><testcase classname="tests.test_lorentz_math" file="tests/test_lorentz_math.py" line="48" name="test_vector_on_tangent[36-dtype0]" time="0.002"></testcase><testcase classname="tests.test_lorentz_math" file="tests/test_lorentz_math.py" line="55" name="test_lorentz_poincare[36-dtype0]" time="0.002"></testcase><testcase classname="tests.test_lorentz_math" file="tests/test_lorentz_math.py" line="62" name="test_randn_mean[36-dtype0]" time="0.002"></testcase><testcase classname="tests.test_lorentz_math" file="tests/test_lorentz_math.py" line="69" name="test_origin[36-dtype0]" time="0.002"></testcase><testcase classname="tests.test_lorentz_math" file="tests/test_lorentz_math.py" line="76" name="test_expmap_logmap[36-dtype0]" time="0.005"></testcase><testcase classname="tests.test_lorentz_math" file="tests/test_lorentz_math.py" line="86" name="test_geodesic_segement_unit_property[36-dtype0]" time="0.004"></testcase><testcase classname="tests.test_lorentz_math" file="tests/test_lorentz_math.py" line="115" name="test_expmap0_logmap0[36-dtype0]" time="0.003"></testcase><testcase classname="tests.test_lorentz_math" file="tests/test_lorentz_math.py" line="127" name="test_parallel_transport0_preserves_inner_products[36-dtype0]" time="0.003"></testcase><testcase classname="tests.test_lorentz_math" file="tests/test_lorentz_math.py" line="151" name="test_parallel_transport0_back[36-dtype0]" time="0.004"></testcase><testcase classname="tests.test_lorentz_math" file="tests/test_lorentz_math.py" line="174" name="test_parallel_transport0_is_same_as_usual[36-dtype0]" time="0.003"></testcase><testcase classname="tests.test_lorentz_math" file="tests/test_lorentz_math.py" line="190" name="test_zero_point_ops[36-dtype0]" time="0.004"></testcase><testcase classname="tests.test_lorentz_math" file="tests/test_lorentz_math.py" line="209" name="test_parallel_transport_a_b[36-dtype0]" time="0.005"></testcase><testcase classname="tests.test_lorentz_math" file="tests/test_lorentz_math.py" line="42" name="test_point_on_manifold[37-dtype1]" time="0.003"></testcase><testcase classname="tests.test_lorentz_math" file="tests/test_lorentz_math.py" line="48" name="test_vector_on_tangent[37-dtype1]" time="0.002"></testcase><testcase classname="tests.test_lorentz_math" file="tests/test_lorentz_math.py" line="55" name="test_lorentz_poincare[37-dtype1]" time="0.002"></testcase><testcase classname="tests.test_lorentz_math" file="tests/test_lorentz_math.py" line="62" name="test_randn_mean[37-dtype1]" time="0.002"></testcase><testcase classname="tests.test_lorentz_math" file="tests/test_lorentz_math.py" line="69" name="test_origin[37-dtype1]" time="0.002"></testcase><testcase classname="tests.test_lorentz_math" file="tests/test_lorentz_math.py" line="76" name="test_expmap_logmap[37-dtype1]" time="0.003"></testcase><testcase classname="tests.test_lorentz_math" file="tests/test_lorentz_math.py" line="86" name="test_geodesic_segement_unit_property[37-dtype1]" time="0.004"></testcase><testcase classname="tests.test_lorentz_math" file="tests/test_lorentz_math.py" line="115" name="test_expmap0_logmap0[37-dtype1]" time="0.004"></testcase><testcase classname="tests.test_lorentz_math" file="tests/test_lorentz_math.py" line="127" name="test_parallel_transport0_preserves_inner_products[37-dtype1]" time="0.003"></testcase><testcase classname="tests.test_lorentz_math" file="tests/test_lorentz_math.py" line="151" name="test_parallel_transport0_back[37-dtype1]" time="0.004"></testcase><testcase classname="tests.test_lorentz_math" file="tests/test_lorentz_math.py" line="174" name="test_parallel_transport0_is_same_as_usual[37-dtype1]" time="0.003"></testcase><testcase classname="tests.test_lorentz_math" file="tests/test_lorentz_math.py" line="190" name="test_zero_point_ops[37-dtype1]" time="0.003"></testcase><testcase classname="tests.test_lorentz_math" file="tests/test_lorentz_math.py" line="209" name="test_parallel_transport_a_b[37-dtype1]" time="0.004"></testcase><testcase classname="tests.test_lorentz_math" file="tests/test_lorentz_math.py" line="42" name="test_point_on_manifold[37-dtype0]" time="0.002"></testcase><testcase classname="tests.test_lorentz_math" file="tests/test_lorentz_math.py" line="48" name="test_vector_on_tangent[37-dtype0]" time="0.003"></testcase><testcase classname="tests.test_lorentz_math" file="tests/test_lorentz_math.py" line="55" name="test_lorentz_poincare[37-dtype0]" time="0.002"></testcase><testcase classname="tests.test_lorentz_math" file="tests/test_lorentz_math.py" line="62" name="test_randn_mean[37-dtype0]" time="0.002"></testcase><testcase classname="tests.test_lorentz_math" file="tests/test_lorentz_math.py" line="69" name="test_origin[37-dtype0]" time="0.001"></testcase><testcase classname="tests.test_lorentz_math" file="tests/test_lorentz_math.py" line="76" name="test_expmap_logmap[37-dtype0]" time="0.003"></testcase><testcase classname="tests.test_lorentz_math" file="tests/test_lorentz_math.py" line="86" name="test_geodesic_segement_unit_property[37-dtype0]" time="0.003"></testcase><testcase classname="tests.test_lorentz_math" file="tests/test_lorentz_math.py" line="115" name="test_expmap0_logmap0[37-dtype0]" time="0.003"></testcase><testcase classname="tests.test_lorentz_math" file="tests/test_lorentz_math.py" line="127" name="test_parallel_transport0_preserves_inner_products[37-dtype0]" time="0.003"></testcase><testcase classname="tests.test_lorentz_math" file="tests/test_lorentz_math.py" line="151" name="test_parallel_transport0_back[37-dtype0]" time="0.005"></testcase><testcase classname="tests.test_lorentz_math" file="tests/test_lorentz_math.py" line="174" name="test_parallel_transport0_is_same_as_usual[37-dtype0]" time="0.003"></testcase><testcase classname="tests.test_lorentz_math" file="tests/test_lorentz_math.py" line="190" name="test_zero_point_ops[37-dtype0]" time="0.003"></testcase><testcase classname="tests.test_lorentz_math" file="tests/test_lorentz_math.py" line="209" name="test_parallel_transport_a_b[37-dtype0]" time="0.003"></testcase><testcase classname="tests.test_lorentz_math" file="tests/test_lorentz_math.py" line="42" name="test_point_on_manifold[38-dtype1]" time="0.003"></testcase><testcase classname="tests.test_lorentz_math" file="tests/test_lorentz_math.py" line="48" name="test_vector_on_tangent[38-dtype1]" time="0.002"></testcase><testcase classname="tests.test_lorentz_math" file="tests/test_lorentz_math.py" line="55" name="test_lorentz_poincare[38-dtype1]" time="0.002"></testcase><testcase classname="tests.test_lorentz_math" file="tests/test_lorentz_math.py" line="62" name="test_randn_mean[38-dtype1]" time="0.002"></testcase><testcase classname="tests.test_lorentz_math" file="tests/test_lorentz_math.py" line="69" name="test_origin[38-dtype1]" time="0.001"></testcase><testcase classname="tests.test_lorentz_math" file="tests/test_lorentz_math.py" line="76" name="test_expmap_logmap[38-dtype1]" time="0.003"></testcase><testcase classname="tests.test_lorentz_math" file="tests/test_lorentz_math.py" line="86" name="test_geodesic_segement_unit_property[38-dtype1]" time="0.004"></testcase><testcase classname="tests.test_lorentz_math" file="tests/test_lorentz_math.py" line="115" name="test_expmap0_logmap0[38-dtype1]" time="0.002"></testcase><testcase classname="tests.test_lorentz_math" file="tests/test_lorentz_math.py" line="127" name="test_parallel_transport0_preserves_inner_products[38-dtype1]" time="0.003"></testcase><testcase classname="tests.test_lorentz_math" file="tests/test_lorentz_math.py" line="151" name="test_parallel_transport0_back[38-dtype1]" time="0.005"></testcase><testcase classname="tests.test_lorentz_math" file="tests/test_lorentz_math.py" line="174" name="test_parallel_transport0_is_same_as_usual[38-dtype1]" time="0.003"></testcase><testcase classname="tests.test_lorentz_math" file="tests/test_lorentz_math.py" line="190" name="test_zero_point_ops[38-dtype1]" time="0.003"></testcase><testcase classname="tests.test_lorentz_math" file="tests/test_lorentz_math.py" line="209" name="test_parallel_transport_a_b[38-dtype1]" time="0.004"></testcase><testcase classname="tests.test_lorentz_math" file="tests/test_lorentz_math.py" line="42" name="test_point_on_manifold[38-dtype0]" time="0.002"></testcase><testcase classname="tests.test_lorentz_math" file="tests/test_lorentz_math.py" line="48" name="test_vector_on_tangent[38-dtype0]" time="0.002"></testcase><testcase classname="tests.test_lorentz_math" file="tests/test_lorentz_math.py" line="55" name="test_lorentz_poincare[38-dtype0]" time="0.002"></testcase><testcase classname="tests.test_lorentz_math" file="tests/test_lorentz_math.py" line="62" name="test_randn_mean[38-dtype0]" time="0.002"></testcase><testcase classname="tests.test_lorentz_math" file="tests/test_lorentz_math.py" line="69" name="test_origin[38-dtype0]" time="0.002"></testcase><testcase classname="tests.test_lorentz_math" file="tests/test_lorentz_math.py" line="76" name="test_expmap_logmap[38-dtype0]" time="0.003"></testcase><testcase classname="tests.test_lorentz_math" file="tests/test_lorentz_math.py" line="86" name="test_geodesic_segement_unit_property[38-dtype0]" time="0.003"></testcase><testcase classname="tests.test_lorentz_math" file="tests/test_lorentz_math.py" line="115" name="test_expmap0_logmap0[38-dtype0]" time="0.002"></testcase><testcase classname="tests.test_lorentz_math" file="tests/test_lorentz_math.py" line="127" name="test_parallel_transport0_preserves_inner_products[38-dtype0]" time="0.004"></testcase><testcase classname="tests.test_lorentz_math" file="tests/test_lorentz_math.py" line="151" name="test_parallel_transport0_back[38-dtype0]" time="0.005"></testcase><testcase classname="tests.test_lorentz_math" file="tests/test_lorentz_math.py" line="174" name="test_parallel_transport0_is_same_as_usual[38-dtype0]" time="0.003"></testcase><testcase classname="tests.test_lorentz_math" file="tests/test_lorentz_math.py" line="190" name="test_zero_point_ops[38-dtype0]" time="0.004"></testcase><testcase classname="tests.test_lorentz_math" file="tests/test_lorentz_math.py" line="209" name="test_parallel_transport_a_b[38-dtype0]" time="0.003"></testcase><testcase classname="tests.test_lorentz_math" file="tests/test_lorentz_math.py" line="42" name="test_point_on_manifold[39-dtype1]" time="0.003"></testcase><testcase classname="tests.test_lorentz_math" file="tests/test_lorentz_math.py" line="48" name="test_vector_on_tangent[39-dtype1]" time="0.002"></testcase><testcase classname="tests.test_lorentz_math" file="tests/test_lorentz_math.py" line="55" name="test_lorentz_poincare[39-dtype1]" time="0.002"></testcase><testcase classname="tests.test_lorentz_math" file="tests/test_lorentz_math.py" line="62" name="test_randn_mean[39-dtype1]" time="0.003"></testcase><testcase classname="tests.test_lorentz_math" file="tests/test_lorentz_math.py" line="69" name="test_origin[39-dtype1]" time="0.002"></testcase><testcase classname="tests.test_lorentz_math" file="tests/test_lorentz_math.py" line="76" name="test_expmap_logmap[39-dtype1]" time="0.003"></testcase><testcase classname="tests.test_lorentz_math" file="tests/test_lorentz_math.py" line="86" name="test_geodesic_segement_unit_property[39-dtype1]" time="0.004"></testcase><testcase classname="tests.test_lorentz_math" file="tests/test_lorentz_math.py" line="115" name="test_expmap0_logmap0[39-dtype1]" time="0.002"></testcase><testcase classname="tests.test_lorentz_math" file="tests/test_lorentz_math.py" line="127" name="test_parallel_transport0_preserves_inner_products[39-dtype1]" time="0.003"></testcase><testcase classname="tests.test_lorentz_math" file="tests/test_lorentz_math.py" line="151" name="test_parallel_transport0_back[39-dtype1]" time="0.004"></testcase><testcase classname="tests.test_lorentz_math" file="tests/test_lorentz_math.py" line="174" name="test_parallel_transport0_is_same_as_usual[39-dtype1]" time="0.003"></testcase><testcase classname="tests.test_lorentz_math" file="tests/test_lorentz_math.py" line="190" name="test_zero_point_ops[39-dtype1]" time="0.003"></testcase><testcase classname="tests.test_lorentz_math" file="tests/test_lorentz_math.py" line="209" name="test_parallel_transport_a_b[39-dtype1]" time="0.004"></testcase><testcase classname="tests.test_lorentz_math" file="tests/test_lorentz_math.py" line="42" name="test_point_on_manifold[39-dtype0]" time="0.002"></testcase><testcase classname="tests.test_lorentz_math" file="tests/test_lorentz_math.py" line="48" name="test_vector_on_tangent[39-dtype0]" time="0.002"></testcase><testcase classname="tests.test_lorentz_math" file="tests/test_lorentz_math.py" line="55" name="test_lorentz_poincare[39-dtype0]" time="0.002"></testcase><testcase classname="tests.test_lorentz_math" file="tests/test_lorentz_math.py" line="62" name="test_randn_mean[39-dtype0]" time="0.002"></testcase><testcase classname="tests.test_lorentz_math" file="tests/test_lorentz_math.py" line="69" name="test_origin[39-dtype0]" time="0.001"></testcase><testcase classname="tests.test_lorentz_math" file="tests/test_lorentz_math.py" line="76" name="test_expmap_logmap[39-dtype0]" time="0.003"></testcase><testcase classname="tests.test_lorentz_math" file="tests/test_lorentz_math.py" line="86" name="test_geodesic_segement_unit_property[39-dtype0]" time="0.004"></testcase><testcase classname="tests.test_lorentz_math" file="tests/test_lorentz_math.py" line="115" name="test_expmap0_logmap0[39-dtype0]" time="0.003"></testcase><testcase classname="tests.test_lorentz_math" file="tests/test_lorentz_math.py" line="127" name="test_parallel_transport0_preserves_inner_products[39-dtype0]" time="0.003"></testcase><testcase classname="tests.test_lorentz_math" file="tests/test_lorentz_math.py" line="151" name="test_parallel_transport0_back[39-dtype0]" time="0.004"></testcase><testcase classname="tests.test_lorentz_math" file="tests/test_lorentz_math.py" line="174" name="test_parallel_transport0_is_same_as_usual[39-dtype0]" time="0.003"></testcase><testcase classname="tests.test_lorentz_math" file="tests/test_lorentz_math.py" line="190" name="test_zero_point_ops[39-dtype0]" time="0.003"></testcase><testcase classname="tests.test_lorentz_math" file="tests/test_lorentz_math.py" line="209" name="test_parallel_transport_a_b[39-dtype0]" time="0.011"></testcase></testsuite>