<?xml version="1.0" encoding="utf-8"?><testsuite errors="0" failures="0" name="pytest" skipped="0" tests="5" time="17.631"><testcase classname="tests.test_adam" file="tests/test_adam.py" line="6" name="test_adam_lorentz[params0]" time="7.974"></testcase><testcase classname="tests.test_adam" file="tests/test_adam.py" line="6" name="test_adam_lorentz[params1]" time="0.422"></testcase><testcase classname="tests.test_adam" file="tests/test_adam.py" line="31" name="test_adam_stiefel[params0]" time="2.263"></testcase><testcase classname="tests.test_adam" file="tests/test_adam.py" line="31" name="test_adam_stiefel[params1]" time="2.137"></testcase><testcase classname="tests.test_adam" file="tests/test_adam.py" line="60" name="test_adam_poincare" time="3.582"></testcase></testsuite>